# JRE version: OpenJDK Runtime Environment (8.0_242-b01) (build 1.8.0_242-release-1644-b01)
# Java VM: OpenJDK 64-Bit Server VM (25.242-b01 mixed mode windows-amd64 compressed oops)
Heap:
 PSYoungGen      total 637440K, used 226439K [0x00000000d5580000, 0x0000000100000000, 0x0000000100000000)
  eden space 581632K, 29% used [0x00000000d5580000,0x00000000dfc25dd8,0x00000000f8d80000)
  from space 55808K, 99% used [0x00000000f8d80000,0x00000000fc3fbec0,0x00000000fc400000)
  to   space 61440K, 0% used [0x00000000fc400000,0x00000000fc400000,0x0000000100000000)
 ParOldGen       total 174592K, used 125459K [0x0000000080000000, 0x000000008aa80000, 0x00000000d5580000)
  object space 174592K, 71% used [0x0000000080000000,0x0000000087a84c60,0x000000008aa80000)
 Metaspace       used 95022K, capacity 101208K, committed 101464K, reserved 1136640K
  class space    used 12345K, capacity 13414K, committed 13440K, reserved 1048576K
GC Heap History (10 events):
Event: 1881.759 GC heap before
{Heap before GC invocations=22 (full 4):
 PSYoungGen      total 501248K, used 491894K [0x00000000d5580000, 0x00000000fab80000, 0x0000000100000000)
  eden space 466432K, 99% used [0x00000000d5580000,0x00000000f1cfcbc0,0x00000000f1d00000)
  from space 34816K, 73% used [0x00000000f1d00000,0x00000000f35e0f88,0x00000000f3f00000)
  to   space 36864K, 0% used [0x00000000f8780000,0x00000000f8780000,0x00000000fab80000)
 ParOldGen       total 114176K, used 63947K [0x0000000080000000, 0x0000000086f80000, 0x00000000d5580000)
  object space 114176K, 56% used [0x0000000080000000,0x0000000083e72dc8,0x0000000086f80000)
 Metaspace       used 92726K, capacity 97688K, committed 97880K, reserved 1134592K
  class space    used 12167K, capacity 13092K, committed 13184K, reserved 1048576K
Event: 1881.944 GC heap after
Heap after GC invocations=22 (full 4):
 PSYoungGen      total 559104K, used 36835K [0x00000000d5580000, 0x00000000fc300000, 0x0000000100000000)
  eden space 522240K, 0% used [0x00000000d5580000,0x00000000d5580000,0x00000000f5380000)
  from space 36864K, 99% used [0x00000000f8780000,0x00000000fab78d78,0x00000000fab80000)
  to   space 53248K, 0% used [0x00000000f5380000,0x00000000f5380000,0x00000000f8780000)
 ParOldGen       total 114176K, used 92281K [0x0000000080000000, 0x0000000086f80000, 0x00000000d5580000)
  object space 114176K, 80% used [0x0000000080000000,0x0000000085a1e678,0x0000000086f80000)
 Metaspace       used 92726K, capacity 97688K, committed 97880K, reserved 1134592K
  class space    used 12167K, capacity 13092K, committed 13184K, reserved 1048576K
}
Event: 1881.944 GC heap before
{Heap before GC invocations=23 (full 5):
 PSYoungGen      total 559104K, used 36835K [0x00000000d5580000, 0x00000000fc300000, 0x0000000100000000)
  eden space 522240K, 0% used [0x00000000d5580000,0x00000000d5580000,0x00000000f5380000)
  from space 36864K, 99% used [0x00000000f8780000,0x00000000fab78d78,0x00000000fab80000)
  to   space 53248K, 0% used [0x00000000f5380000,0x00000000f5380000,0x00000000f8780000)
 ParOldGen       total 114176K, used 92281K [0x0000000080000000, 0x0000000086f80000, 0x00000000d5580000)
  object space 114176K, 80% used [0x0000000080000000,0x0000000085a1e678,0x0000000086f80000)
 Metaspace       used 92726K, capacity 97688K, committed 97880K, reserved 1134592K
  class space    used 12167K, capacity 13092K, committed 13184K, reserved 1048576K
Event: 1882.988 GC heap after
Heap after GC invocations=23 (full 5):
 PSYoungGen      total 559104K, used 0K [0x00000000d5580000, 0x00000000fc300000, 0x0000000100000000)
  eden space 522240K, 0% used [0x00000000d5580000,0x00000000d5580000,0x00000000f5380000)
  from space 36864K, 0% used [0x00000000f8780000,0x00000000f8780000,0x00000000fab80000)
  to   space 53248K, 0% used [0x00000000f5380000,0x00000000f5380000,0x00000000f8780000)
 ParOldGen       total 174592K, used 108560K [0x0000000080000000, 0x000000008aa80000, 0x00000000d5580000)
  object space 174592K, 62% used [0x0000000080000000,0x0000000086a041a8,0x000000008aa80000)
 Metaspace       used 92726K, capacity 97688K, committed 97880K, reserved 1134592K
  class space    used 12167K, capacity 13092K, committed 13184K, reserved 1048576K
}
Event: 2222.033 GC heap before
{Heap before GC invocations=24 (full 5):
 PSYoungGen      total 559104K, used 522240K [0x00000000d5580000, 0x00000000fc300000, 0x0000000100000000)
  eden space 522240K, 100% used [0x00000000d5580000,0x00000000f5380000,0x00000000f5380000)
  from space 36864K, 0% used [0x00000000f8780000,0x00000000f8780000,0x00000000fab80000)
  to   space 53248K, 0% used [0x00000000f5380000,0x00000000f5380000,0x00000000f8780000)
 ParOldGen       total 174592K, used 108560K [0x0000000080000000, 0x000000008aa80000, 0x00000000d5580000)
  object space 174592K, 62% used [0x0000000080000000,0x0000000086a041a8,0x000000008aa80000)
 Metaspace       used 93409K, capacity 98614K, committed 98648K, reserved 1134592K
  class space    used 12209K, capacity 13169K, committed 13184K, reserved 1048576K
Event: 2222.164 GC heap after
Heap after GC invocations=24 (full 5):
 PSYoungGen      total 575488K, used 27172K [0x00000000d5580000, 0x00000000ffe80000, 0x0000000100000000)
  eden space 522240K, 0% used [0x00000000d5580000,0x00000000d5580000,0x00000000f5380000)
  from space 53248K, 51% used [0x00000000f5380000,0x00000000f6e09280,0x00000000f8780000)
  to   space 52224K, 0% used [0x00000000fcb80000,0x00000000fcb80000,0x00000000ffe80000)
 ParOldGen       total 174592K, used 108568K [0x0000000080000000, 0x000000008aa80000, 0x00000000d5580000)
  object space 174592K, 62% used [0x0000000080000000,0x0000000086a061a8,0x000000008aa80000)
 Metaspace       used 93409K, capacity 98614K, committed 98648K, reserved 1134592K
  class space    used 12209K, capacity 13169K, committed 13184K, reserved 1048576K
}
Event: 2345.881 GC heap before
{Heap before GC invocations=25 (full 5):
 PSYoungGen      total 575488K, used 549412K [0x00000000d5580000, 0x00000000ffe80000, 0x0000000100000000)
  eden space 522240K, 100% used [0x00000000d5580000,0x00000000f5380000,0x00000000f5380000)
  from space 53248K, 51% used [0x00000000f5380000,0x00000000f6e09280,0x00000000f8780000)
  to   space 52224K, 0% used [0x00000000fcb80000,0x00000000fcb80000,0x00000000ffe80000)
 ParOldGen       total 174592K, used 108568K [0x0000000080000000, 0x000000008aa80000, 0x00000000d5580000)
  object space 174592K, 62% used [0x0000000080000000,0x0000000086a061a8,0x000000008aa80000)
 Metaspace       used 94478K, capacity 100676K, committed 100952K, reserved 1136640K
  class space    used 12343K, capacity 13412K, committed 13440K, reserved 1048576K
Event: 2346.010 GC heap after
Heap after GC invocations=25 (full 5):
 PSYoungGen      total 629760K, used 38855K [0x00000000d5580000, 0x00000000ffa80000, 0x0000000100000000)
  eden space 581632K, 0% used [0x00000000d5580000,0x00000000d5580000,0x00000000f8d80000)
  from space 48128K, 80% used [0x00000000fcb80000,0x00000000ff171ef8,0x00000000ffa80000)
  to   space 55808K, 0% used [0x00000000f8d80000,0x00000000f8d80000,0x00000000fc400000)
 ParOldGen       total 174592K, used 108576K [0x0000000080000000, 0x000000008aa80000, 0x00000000d5580000)
  object space 174592K, 62% used [0x0000000080000000,0x0000000086a081a8,0x000000008aa80000)
 Metaspace       used 94478K, capacity 100676K, committed 100952K, reserved 1136640K
  class space    used 12343K, capacity 13412K, committed 13440K, reserved 1048576K
}
Event: 2546.702 GC heap before
{Heap before GC invocations=26 (full 5):
 PSYoungGen      total 629760K, used 620487K [0x00000000d5580000, 0x00000000ffa80000, 0x0000000100000000)
  eden space 581632K, 100% used [0x00000000d5580000,0x00000000f8d80000,0x00000000f8d80000)
  from space 48128K, 80% used [0x00000000fcb80000,0x00000000ff171ef8,0x00000000ffa80000)
  to   space 55808K, 0% used [0x00000000f8d80000,0x00000000f8d80000,0x00000000fc400000)
 ParOldGen       total 174592K, used 108576K [0x0000000080000000, 0x000000008aa80000, 0x00000000d5580000)
  object space 174592K, 62% used [0x0000000080000000,0x0000000086a081a8,0x000000008aa80000)
 Metaspace       used 94798K, capacity 100884K, committed 100952K, reserved 1136640K
  class space    used 12344K, capacity 13414K, committed 13440K, reserved 1048576K
Event: 2546.939 GC heap after
Heap after GC invocations=26 (full 5):
 PSYoungGen      total 637440K, used 55791K [0x00000000d5580000, 0x0000000100000000, 0x0000000100000000)
  eden space 581632K, 0% used [0x00000000d5580000,0x00000000d5580000,0x00000000f8d80000)
  from space 55808K, 99% used [0x00000000f8d80000,0x00000000fc3fbec0,0x00000000fc400000)
  to   space 61440K, 0% used [0x00000000fc400000,0x00000000fc400000,0x0000000100000000)
 ParOldGen       total 174592K, used 125459K [0x0000000080000000, 0x000000008aa80000, 0x00000000d5580000)
  object space 174592K, 71% used [0x0000000080000000,0x0000000087a84c60,0x000000008aa80000)
 Metaspace       used 94798K, capacity 100884K, committed 100952K, reserved 1136640K
  class space    used 12344K, capacity 13414K, committed 13440K, reserved 1048576K
}

